2017-12-07 01:05:30 [127.0.0.1][-][-][error][yii\base\ErrorException:8] yii\base\ErrorException: Undefined index: echostr in /Users/alex/wwwroot/www.lauao.com/wechat/controllers/IndexController.php:25
Stack trace:
#0 /Users/alex/wwwroot/www.lauao.com/vendor/yiisoft/yii2/base/InlineAction.php(57): ::call_user_func_array:{/Users/alex/wwwroot/www.lauao.com/vendor/yiisoft/yii2/base/InlineAction.php:57}()
#1 /Users/alex/wwwroot/www.lauao.com/vendor/yiisoft/yii2/base/Controller.php(156): yii\base\InlineAction->runWithParams()
#2 /Users/alex/wwwroot/www.lauao.com/vendor/yiisoft/yii2/base/Module.php(523): wechat\controllers\IndexController->runAction()
#3 /Users/alex/wwwroot/www.lauao.com/vendor/yiisoft/yii2/web/Application.php(102): yii\web\Application->runAction()
#4 /Users/alex/wwwroot/www.lauao.com/vendor/yiisoft/yii2/base/Application.php(380): yii\web\Application->handleRequest()
#5 /Users/alex/wwwroot/www.lauao.com/wechat/web/index.php(18): yii\web\Application->run()
#6 {main}
2017-12-07 01:05:30 [127.0.0.1][-][-][info][application] $_SERVER = [
    'USER' => 'alex'
    'HOME' => '/Users/alex'
    'HTTP_ACCEPT_LANGUAGE' => 'zh-CN,zh;q=0.9'
    'HTTP_ACCEPT_ENCODING' => 'gzip, deflate'
    'HTTP_ACCEPT' => 'text/html,application/xhtml+xml,application/xml;q=0.9,image/webp,image/apng,*/*;q=0.8'
    'HTTP_UPGRADE_INSECURE_REQUESTS' => '1'
    'HTTP_USER_AGENT' => 'Mozilla/5.0 (Macintosh; Intel Mac OS X 10_13_1) AppleWebKit/537.36 (KHTML, like Gecko) Chrome/62.0.3202.94 Safari/537.36'
    'HTTP_CACHE_CONTROL' => 'max-age=0'
    'HTTP_CONNECTION' => 'keep-alive'
    'HTTP_HOST' => 'wechat.lauao.test'
    'REDIRECT_STATUS' => '200'
    'SERVER_NAME' => 'wechat.lauao.test'
    'SERVER_PORT' => '80'
    'SERVER_ADDR' => '127.0.0.1'
    'REMOTE_PORT' => '52920'
    'REMOTE_ADDR' => '127.0.0.1'
    'SERVER_SOFTWARE' => 'nginx/1.13.6'
    'GATEWAY_INTERFACE' => 'CGI/1.1'
    'REQUEST_SCHEME' => 'http'
    'SERVER_PROTOCOL' => 'HTTP/1.1'
    'DOCUMENT_ROOT' => '/Users/alex/wwwroot/www.lauao.com/wechat/web'
    'DOCUMENT_URI' => '/index.php'
    'REQUEST_URI' => '/'
    'SCRIPT_NAME' => '/index.php'
    'CONTENT_LENGTH' => ''
    'CONTENT_TYPE' => ''
    'REQUEST_METHOD' => 'GET'
    'QUERY_STRING' => ''
    'SCRIPT_FILENAME' => '/Users/alex/wwwroot/www.lauao.com/wechat/web/index.php'
    'FCGI_ROLE' => 'RESPONDER'
    'PHP_SELF' => '/index.php'
    'REQUEST_TIME_FLOAT' => 1512608730.7677
    'REQUEST_TIME' => 1512608730
]
